<?xml version="1.0" encoding="UTF-8"?>
<testsuite name="com.jojoldu.book.springboot.domain.posts.PostsRepositoryTest" tests="2" skipped="0" failures="0" errors="0" timestamp="2021-06-07T04:30:31" hostname="gimjinhoui-MacBookPro.local" time="0.033">
  <properties/>
  <testcase name="게시글저장_불러오기" classname="com.jojoldu.book.springboot.domain.posts.PostsRepositoryTest" time="0.022"/>
  <testcase name="BaseTimeEntity_등록" classname="com.jojoldu.book.springboot.domain.posts.PostsRepositoryTest" time="0.011"/>
  <system-out><![CDATA[2021-06-07 13:30:29.595  INFO 37134 --- [    Test worker] .b.t.c.SpringBootTestContextBootstrapper : Neither @ContextConfiguration nor @ContextHierarchy found for test class [com.jojoldu.book.springboot.domain.posts.PostsRepositoryTest], using SpringBootContextLoader
2021-06-07 13:30:29.596  INFO 37134 --- [    Test worker] o.s.t.c.support.AbstractContextLoader    : Could not detect default resource locations for test class [com.jojoldu.book.springboot.domain.posts.PostsRepositoryTest]: no resource found for suffixes {-context.xml, Context.groovy}.
2021-06-07 13:30:29.597  INFO 37134 --- [    Test worker] t.c.s.AnnotationConfigContextLoaderUtils : Could not detect default configuration classes for test class [com.jojoldu.book.springboot.domain.posts.PostsRepositoryTest]: PostsRepositoryTest does not declare any static, non-private, non-final, nested classes annotated with @Configuration.
2021-06-07 13:30:29.610  INFO 37134 --- [    Test worker] .b.t.c.SpringBootTestContextBootstrapper : Found @SpringBootConfiguration com.jojoldu.book.springboot.Application for test class com.jojoldu.book.springboot.domain.posts.PostsRepositoryTest
2021-06-07 13:30:29.612  INFO 37134 --- [    Test worker] .b.t.c.SpringBootTestContextBootstrapper : Loaded default TestExecutionListener class names from location [META-INF/spring.factories]: [org.springframework.security.test.context.support.WithSecurityContextTestExecutionListener, org.springframework.security.test.context.support.ReactorContextTestExecutionListener, org.springframework.boot.test.autoconfigure.restdocs.RestDocsTestExecutionListener, org.springframework.boot.test.autoconfigure.web.client.MockRestServiceServerResetTestExecutionListener, org.springframework.boot.test.autoconfigure.web.servlet.MockMvcPrintOnlyOnFailureTestExecutionListener, org.springframework.boot.test.autoconfigure.web.servlet.WebDriverTestExecutionListener, org.springframework.boot.test.mock.mockito.MockitoTestExecutionListener, org.springframework.boot.test.mock.mockito.ResetMocksTestExecutionListener, org.springframework.test.context.web.ServletTestExecutionListener, org.springframework.test.context.support.DirtiesContextBeforeModesTestExecutionListener, org.springframework.test.context.support.DependencyInjectionTestExecutionListener, org.springframework.test.context.support.DirtiesContextTestExecutionListener, org.springframework.test.context.transaction.TransactionalTestExecutionListener, org.springframework.test.context.jdbc.SqlScriptsTestExecutionListener]
2021-06-07 13:30:29.613  INFO 37134 --- [    Test worker] .b.t.c.SpringBootTestContextBootstrapper : Using TestExecutionListeners: [org.springframework.test.context.web.ServletTestExecutionListener@1d0536e5, org.springframework.test.context.support.DirtiesContextBeforeModesTestExecutionListener@376d819e, org.springframework.boot.test.mock.mockito.MockitoTestExecutionListener@ecbc59b, org.springframework.boot.test.autoconfigure.SpringBootDependencyInjectionTestExecutionListener@5943836f, org.springframework.test.context.support.DirtiesContextTestExecutionListener@6dc534bc, org.springframework.test.context.transaction.TransactionalTestExecutionListener@36ff39eb, org.springframework.test.context.jdbc.SqlScriptsTestExecutionListener@66c8d5b2, org.springframework.security.test.context.support.WithSecurityContextTestExecutionListener@23557aff, org.springframework.security.test.context.support.ReactorContextTestExecutionListener@67f1dafd, org.springframework.boot.test.autoconfigure.restdocs.RestDocsTestExecutionListener@288e8789, org.springframework.boot.test.autoconfigure.web.client.MockRestServiceServerResetTestExecutionListener@8cba26f, org.springframework.boot.test.autoconfigure.web.servlet.MockMvcPrintOnlyOnFailureTestExecutionListener@41a30b, org.springframework.boot.test.autoconfigure.web.servlet.WebDriverTestExecutionListener@698eb7cc, org.springframework.boot.test.mock.mockito.ResetMocksTestExecutionListener@3560d7bb]

  .   ____          _            __ _ _
 /\\ / ___'_ __ _ _(_)_ __  __ _ \ \ \ \
( ( )\___ | '_ | '_| | '_ \/ _` | \ \ \ \
 \\/  ___)| |_)| | | | | || (_| |  ) ) ) )
  '  |____| .__|_| |_|_| |_\__, | / / / /
 =========|_|==============|___/=/_/_/_/
 :: Spring Boot ::        (v2.1.5.RELEASE)

2021-06-07 13:30:29.641  INFO 37134 --- [    Test worker] c.j.b.s.d.posts.PostsRepositoryTest      : Starting PostsRepositoryTest on gimjinhoui-MacBookPro.local with PID 37134 (started by jinhokim in /Users/jinhokim/IdeaProjects/ioc2/freelec-springboot2-webservice)
2021-06-07 13:30:29.642  INFO 37134 --- [    Test worker] c.j.b.s.d.posts.PostsRepositoryTest      : No active profile set, falling back to default profiles: default
2021-06-07 13:30:29.847  INFO 37134 --- [    Test worker] .s.d.r.c.RepositoryConfigurationDelegate : Bootstrapping Spring Data repositories in DEFAULT mode.
2021-06-07 13:30:29.864  INFO 37134 --- [    Test worker] .s.d.r.c.RepositoryConfigurationDelegate : Finished Spring Data repository scanning in 16ms. Found 2 repository interfaces.
2021-06-07 13:30:29.964  INFO 37134 --- [    Test worker] trationDelegate$BeanPostProcessorChecker : Bean 'org.springframework.transaction.annotation.ProxyTransactionManagementConfiguration' of type [org.springframework.transaction.annotation.ProxyTransactionManagementConfiguration$$EnhancerBySpringCGLIB$$56596b38] is not eligible for getting processed by all BeanPostProcessors (for example: not eligible for auto-proxying)
2021-06-07 13:30:29.981  INFO 37134 --- [    Test worker] trationDelegate$BeanPostProcessorChecker : Bean 'pl.allegro.tech.boot.autoconfigure.handlebars.HandlebarsHelpersAutoConfiguration' of type [pl.allegro.tech.boot.autoconfigure.handlebars.HandlebarsHelpersAutoConfiguration$$EnhancerBySpringCGLIB$$d5228b12] is not eligible for getting processed by all BeanPostProcessors (for example: not eligible for auto-proxying)
2021-06-07 13:30:29.992  INFO 37134 --- [    Test worker] trationDelegate$BeanPostProcessorChecker : Bean 'handlebars.resolver-pl.allegro.tech.boot.autoconfigure.handlebars.HandlebarsValueResolversProperties' of type [pl.allegro.tech.boot.autoconfigure.handlebars.HandlebarsValueResolversProperties] is not eligible for getting processed by all BeanPostProcessors (for example: not eligible for auto-proxying)
2021-06-07 13:30:29.996  INFO 37134 --- [    Test worker] trationDelegate$BeanPostProcessorChecker : Bean 'handlebars-pl.allegro.tech.boot.autoconfigure.handlebars.HandlebarsProperties' of type [pl.allegro.tech.boot.autoconfigure.handlebars.HandlebarsProperties] is not eligible for getting processed by all BeanPostProcessors (for example: not eligible for auto-proxying)
2021-06-07 13:30:29.996  INFO 37134 --- [    Test worker] trationDelegate$BeanPostProcessorChecker : Bean 'pl.allegro.tech.boot.autoconfigure.handlebars.HandlebarsAutoConfiguration$HandlebarsViewResolverConfiguration' of type [pl.allegro.tech.boot.autoconfigure.handlebars.HandlebarsAutoConfiguration$HandlebarsViewResolverConfiguration$$EnhancerBySpringCGLIB$$e809b5b0] is not eligible for getting processed by all BeanPostProcessors (for example: not eligible for auto-proxying)
2021-06-07 13:30:30.007  INFO 37134 --- [    Test worker] trationDelegate$BeanPostProcessorChecker : Bean 'handlebarsViewResolver' of type [com.github.jknack.handlebars.springmvc.HandlebarsViewResolver] is not eligible for getting processed by all BeanPostProcessors (for example: not eligible for auto-proxying)
2021-06-07 13:30:30.084  INFO 37134 --- [    Test worker] com.zaxxer.hikari.HikariDataSource       : HikariPool-2 - Starting...
2021-06-07 13:30:30.085  INFO 37134 --- [    Test worker] com.zaxxer.hikari.HikariDataSource       : HikariPool-2 - Start completed.
2021-06-07 13:30:30.107  INFO 37134 --- [    Test worker] o.hibernate.jpa.internal.util.LogHelper  : HHH000204: Processing PersistenceUnitInfo [
	name: default
	...]
2021-06-07 13:30:30.115  INFO 37134 --- [    Test worker] org.hibernate.dialect.Dialect            : HHH000400: Using dialect: org.hibernate.dialect.MySQL5InnoDBDialect
Hibernate: drop table if exists posts
Hibernate: drop table if exists user
Hibernate: create table posts (id bigint not null auto_increment, created_date datetime, modified_date datetime, author varchar(255), content TEXT not null, title varchar(500) not null, primary key (id)) engine=InnoDB
Hibernate: create table user (id bigint not null auto_increment, created_date datetime, modified_date datetime, email varchar(255) not null, name varchar(255) not null, picture varchar(255), role varchar(255) not null, primary key (id)) engine=InnoDB
2021-06-07 13:30:30.164  INFO 37134 --- [    Test worker] o.h.t.schema.internal.SchemaCreatorImpl  : HHH000476: Executing import script 'org.hibernate.tool.schema.internal.exec.ScriptSourceInputNonExistentImpl@34d08cfc'
2021-06-07 13:30:30.165  INFO 37134 --- [    Test worker] j.LocalContainerEntityManagerFactoryBean : Initialized JPA EntityManagerFactory for persistence unit 'default'
2021-06-07 13:30:30.347  INFO 37134 --- [    Test worker] o.h.h.i.QueryTranslatorFactoryInitiator  : HHH000397: Using ASTQueryTranslatorFactory
2021-06-07 13:30:30.488  INFO 37134 --- [    Test worker] o.s.s.web.DefaultSecurityFilterChain     : Creating filter chain: any request, [org.springframework.security.web.context.request.async.WebAsyncManagerIntegrationFilter@64ed0abb, org.springframework.security.web.context.SecurityContextPersistenceFilter@21022db0, org.springframework.security.web.header.HeaderWriterFilter@42d2bc48, org.springframework.security.web.authentication.logout.LogoutFilter@6fc0cd11, org.springframework.security.oauth2.client.web.OAuth2AuthorizationRequestRedirectFilter@20535f55, org.springframework.security.oauth2.client.web.OAuth2LoginAuthenticationFilter@67d5db5f, org.springframework.security.web.authentication.ui.DefaultLoginPageGeneratingFilter@5f1f04ef, org.springframework.security.web.authentication.ui.DefaultLogoutPageGeneratingFilter@4f1c47cc, org.springframework.security.web.savedrequest.RequestCacheAwareFilter@6776a7a0, org.springframework.security.web.servletapi.SecurityContextHolderAwareRequestFilter@301177fa, org.springframework.security.web.authentication.AnonymousAuthenticationFilter@758f108d, org.springframework.security.web.session.SessionManagementFilter@47051c93, org.springframework.security.web.access.ExceptionTranslationFilter@74564c9c, org.springframework.security.web.access.intercept.FilterSecurityInterceptor@34503e1]
2021-06-07 13:30:30.716  INFO 37134 --- [    Test worker] o.s.s.concurrent.ThreadPoolTaskExecutor  : Initializing ExecutorService 'applicationTaskExecutor'
2021-06-07 13:30:30.731  WARN 37134 --- [    Test worker] aWebConfiguration$JpaWebMvcConfiguration : spring.jpa.open-in-view is enabled by default. Therefore, database queries may be performed during view rendering. Explicitly configure spring.jpa.open-in-view to disable this warning
2021-06-07 13:30:30.825  INFO 37134 --- [    Test worker] o.s.b.a.w.s.WelcomePageHandlerMapping    : Adding welcome page template: index
2021-06-07 13:30:31.111  INFO 37134 --- [    Test worker] s.a.ScheduledAnnotationBeanPostProcessor : No TaskScheduler/ScheduledExecutorService bean found for scheduled processing
2021-06-07 13:30:31.112  INFO 37134 --- [    Test worker] c.j.b.s.d.posts.PostsRepositoryTest      : Started PostsRepositoryTest in 1.496 seconds (JVM running for 11.378)
Hibernate: insert into posts (created_date, modified_date, author, content, title) values (?, ?, ?, ?, ?)
Hibernate: select posts0_.id as id1_0_, posts0_.created_date as created_2_0_, posts0_.modified_date as modified3_0_, posts0_.author as author4_0_, posts0_.content as content5_0_, posts0_.title as title6_0_ from posts posts0_
Hibernate: select posts0_.id as id1_0_, posts0_.created_date as created_2_0_, posts0_.modified_date as modified3_0_, posts0_.author as author4_0_, posts0_.content as content5_0_, posts0_.title as title6_0_ from posts posts0_
Hibernate: delete from posts where id=?
Hibernate: insert into posts (created_date, modified_date, author, content, title) values (?, ?, ?, ?, ?)
Hibernate: select posts0_.id as id1_0_, posts0_.created_date as created_2_0_, posts0_.modified_date as modified3_0_, posts0_.author as author4_0_, posts0_.content as content5_0_, posts0_.title as title6_0_ from posts posts0_
>>>>>>>>> createDate=2021-06-07T13:30:31.141, modifiedDate=2021-06-07T13:30:31.141
Hibernate: select posts0_.id as id1_0_, posts0_.created_date as created_2_0_, posts0_.modified_date as modified3_0_, posts0_.author as author4_0_, posts0_.content as content5_0_, posts0_.title as title6_0_ from posts posts0_
Hibernate: delete from posts where id=?
]]></system-out>
  <system-err><![CDATA[]]></system-err>
</testsuite>
